<?xml version="1.0" encoding="UTF-8"?>
<testsuite xmlns:xsi="http://www.w3.org/2001/XMLSchema-instance" xsi:noNamespaceSchemaLocation="https://maven.apache.org/surefire/maven-surefire-plugin/xsd/surefire-test-report.xsd" version="3.0.2" name="org.mybatis.jpetstore.service.CatalogServiceTest" time="0.224" tests="9" errors="0" skipped="0" failures="0">
  <properties>
    <property name="git.tags" value=""/>
    <property name="java.specification.version" value="21"/>
    <property name="sun.cpu.isalist" value="amd64"/>
    <property name="sun.jnu.encoding" value="Cp1252"/>
    <property name="git.build.version" value="6.1.1-SNAPSHOT"/>
    <property name="java.class.path" value="C:\Users\Garo\Downloads\personalProjects\AiHackathon\jpetstore-6\target\test-classes;C:\Users\Garo\Downloads\personalProjects\AiHackathon\jpetstore-6\target\classes;C:\Users\Garo\.m2\repository\org\mybatis\mybatis\3.5.19\mybatis-3.5.19.jar;C:\Users\Garo\.m2\repository\org\mybatis\mybatis-spring\3.0.5\mybatis-spring-3.0.5.jar;C:\Users\Garo\.m2\repository\org\springframework\spring-context\6.2.11\spring-context-6.2.11.jar;C:\Users\Garo\.m2\repository\org\springframework\spring-aop\6.2.11\spring-aop-6.2.11.jar;C:\Users\Garo\.m2\repository\org\springframework\spring-beans\6.2.11\spring-beans-6.2.11.jar;C:\Users\Garo\.m2\repository\org\springframework\spring-core\6.2.11\spring-core-6.2.11.jar;C:\Users\Garo\.m2\repository\org\springframework\spring-jcl\6.2.11\spring-jcl-6.2.11.jar;C:\Users\Garo\.m2\repository\org\springframework\spring-expression\6.2.11\spring-expression-6.2.11.jar;C:\Users\Garo\.m2\repository\io\micrometer\micrometer-observation\1.14.11\micrometer-observation-1.14.11.jar;C:\Users\Garo\.m2\repository\io\micrometer\micrometer-commons\1.14.11\micrometer-commons-1.14.11.jar;C:\Users\Garo\.m2\repository\org\springframework\spring-jdbc\6.2.11\spring-jdbc-6.2.11.jar;C:\Users\Garo\.m2\repository\org\springframework\spring-tx\6.2.11\spring-tx-6.2.11.jar;C:\Users\Garo\.m2\repository\org\springframework\spring-web\5.3.39\spring-web-5.3.39.jar;C:\Users\Garo\.m2\repository\net\sourceforge\stripes\stripes\1.6.0\stripes-1.6.0.jar;C:\Users\Garo\.m2\repository\org\apache\taglibs\taglibs-standard-spec\1.2.5\taglibs-standard-spec-1.2.5.jar;C:\Users\Garo\.m2\repository\org\apache\taglibs\taglibs-standard-impl\1.2.5\taglibs-standard-impl-1.2.5.jar;C:\Users\Garo\.m2\repository\jakarta\servlet\jsp\jakarta.servlet.jsp-api\2.3.6\jakarta.servlet.jsp-api-2.3.6.jar;C:\Users\Garo\.m2\repository\jakarta\servlet\jakarta.servlet-api\4.0.4\jakarta.servlet-api-4.0.4.jar;C:\Users\Garo\.m2\repository\org\slf4j\slf4j-api\2.0.17\slf4j-api-2.0.17.jar;C:\Users\Garo\.m2\repository\org\slf4j\slf4j-simple\2.0.17\slf4j-simple-2.0.17.jar;C:\Users\Garo\.m2\repository\org\hsqldb\hsqldb\2.7.4\hsqldb-2.7.4.jar;C:\Users\Garo\.m2\repository\net\bytebuddy\byte-buddy\1.17.7\byte-buddy-1.17.7.jar;C:\Users\Garo\.m2\repository\net\bytebuddy\byte-buddy-agent\1.17.7\byte-buddy-agent-1.17.7.jar;C:\Users\Garo\.m2\repository\org\junit\jupiter\junit-jupiter-engine\5.13.4\junit-jupiter-engine-5.13.4.jar;C:\Users\Garo\.m2\repository\org\junit\platform\junit-platform-engine\1.13.4\junit-platform-engine-1.13.4.jar;C:\Users\Garo\.m2\repository\org\opentest4j\opentest4j\1.3.0\opentest4j-1.3.0.jar;C:\Users\Garo\.m2\repository\org\junit\platform\junit-platform-commons\1.13.4\junit-platform-commons-1.13.4.jar;C:\Users\Garo\.m2\repository\org\junit\jupiter\junit-jupiter-api\5.13.4\junit-jupiter-api-5.13.4.jar;C:\Users\Garo\.m2\repository\org\apiguardian\apiguardian-api\1.1.2\apiguardian-api-1.1.2.jar;C:\Users\Garo\.m2\repository\org\mockito\mockito-core\5.19.0\mockito-core-5.19.0.jar;C:\Users\Garo\.m2\repository\org\objenesis\objenesis\3.3\objenesis-3.3.jar;C:\Users\Garo\.m2\repository\org\mockito\mockito-junit-jupiter\5.19.0\mockito-junit-jupiter-5.19.0.jar;C:\Users\Garo\.m2\repository\org\assertj\assertj-core\3.27.4\assertj-core-3.27.4.jar;C:\Users\Garo\.m2\repository\com\codeborne\selenide\7.10.0\selenide-7.10.0.jar;C:\Users\Garo\.m2\repository\org\seleniumhq\selenium\selenium-java\4.35.0\selenium-java-4.35.0.jar;C:\Users\Garo\.m2\repository\org\seleniumhq\selenium\selenium-chrome-driver\4.35.0\selenium-chrome-driver-4.35.0.jar;C:\Users\Garo\.m2\repository\org\seleniumhq\selenium\selenium-chromium-driver\4.35.0\selenium-chromium-driver-4.35.0.jar;C:\Users\Garo\.m2\repository\org\seleniumhq\selenium\selenium-manager\4.35.0\selenium-manager-4.35.0.jar;C:\Users\Garo\.m2\repository\org\seleniumhq\selenium\selenium-devtools-v137\4.35.0\selenium-devtools-v137-4.35.0.jar;C:\Users\Garo\.m2\repository\org\seleniumhq\selenium\selenium-devtools-v138\4.35.0\selenium-devtools-v138-4.35.0.jar;C:\Users\Garo\.m2\repository\org\seleniumhq\selenium\selenium-devtools-v139\4.35.0\selenium-devtools-v139-4.35.0.jar;C:\Users\Garo\.m2\repository\org\seleniumhq\selenium\selenium-edge-driver\4.35.0\selenium-edge-driver-4.35.0.jar;C:\Users\Garo\.m2\repository\org\seleniumhq\selenium\selenium-firefox-driver\4.35.0\selenium-firefox-driver-4.35.0.jar;C:\Users\Garo\.m2\repository\org\seleniumhq\selenium\selenium-http\4.35.0\selenium-http-4.35.0.jar;C:\Users\Garo\.m2\repository\org\seleniumhq\selenium\selenium-ie-driver\4.35.0\selenium-ie-driver-4.35.0.jar;C:\Users\Garo\.m2\repository\org\seleniumhq\selenium\selenium-remote-driver\4.35.0\selenium-remote-driver-4.35.0.jar;C:\Users\Garo\.m2\repository\io\opentelemetry\opentelemetry-api\1.53.0\opentelemetry-api-1.53.0.jar;C:\Users\Garo\.m2\repository\io\opentelemetry\opentelemetry-context\1.53.0\opentelemetry-context-1.53.0.jar;C:\Users\Garo\.m2\repository\io\opentelemetry\opentelemetry-common\1.53.0\opentelemetry-common-1.53.0.jar;C:\Users\Garo\.m2\repository\io\opentelemetry\opentelemetry-exporter-logging\1.53.0\opentelemetry-exporter-logging-1.53.0.jar;C:\Users\Garo\.m2\repository\io\opentelemetry\opentelemetry-sdk-common\1.53.0\opentelemetry-sdk-common-1.53.0.jar;C:\Users\Garo\.m2\repository\io\opentelemetry\opentelemetry-sdk-extension-autoconfigure-spi\1.53.0\opentelemetry-sdk-extension-autoconfigure-spi-1.53.0.jar;C:\Users\Garo\.m2\repository\io\opentelemetry\opentelemetry-sdk-extension-autoconfigure\1.53.0\opentelemetry-sdk-extension-autoconfigure-1.53.0.jar;C:\Users\Garo\.m2\repository\io\opentelemetry\opentelemetry-sdk-trace\1.53.0\opentelemetry-sdk-trace-1.53.0.jar;C:\Users\Garo\.m2\repository\io\opentelemetry\opentelemetry-sdk\1.53.0\opentelemetry-sdk-1.53.0.jar;C:\Users\Garo\.m2\repository\io\opentelemetry\opentelemetry-sdk-metrics\1.53.0\opentelemetry-sdk-metrics-1.53.0.jar;C:\Users\Garo\.m2\repository\io\opentelemetry\opentelemetry-sdk-logs\1.53.0\opentelemetry-sdk-logs-1.53.0.jar;C:\Users\Garo\.m2\repository\org\seleniumhq\selenium\selenium-os\4.35.0\selenium-os-4.35.0.jar;C:\Users\Garo\.m2\repository\org\apache\commons\commons-exec\1.5.0\commons-exec-1.5.0.jar;C:\Users\Garo\.m2\repository\org\seleniumhq\selenium\selenium-safari-driver\4.35.0\selenium-safari-driver-4.35.0.jar;C:\Users\Garo\.m2\repository\com\codeborne\selenide-core\7.10.0\selenide-core-7.10.0.jar;C:\Users\Garo\.m2\repository\org\apache\httpcomponents\client5\httpclient5\5.5\httpclient5-5.5.jar;C:\Users\Garo\.m2\repository\org\apache\httpcomponents\core5\httpcore5\5.3.4\httpcore5-5.3.4.jar;C:\Users\Garo\.m2\repository\org\apache\httpcomponents\core5\httpcore5-h2\5.3.4\httpcore5-h2-5.3.4.jar;C:\Users\Garo\.m2\repository\com\github\valfirst\browserup-proxy\browserup-proxy-core\3.2.0\browserup-proxy-core-3.2.0.jar;C:\Users\Garo\.m2\repository\org\jspecify\jspecify\1.0.0\jspecify-1.0.0.jar;C:\Users\Garo\.m2\repository\com\google\errorprone\error_prone_annotations\2.41.0\error_prone_annotations-2.41.0.jar;C:\Users\Garo\.m2\repository\com\google\guava\guava\33.4.8-jre\guava-33.4.8-jre.jar;C:\Users\Garo\.m2\repository\com\google\guava\failureaccess\1.0.3\failureaccess-1.0.3.jar;C:\Users\Garo\.m2\repository\com\google\guava\listenablefuture\9999.0-empty-to-avoid-conflict-with-guava\listenablefuture-9999.0-empty-to-avoid-conflict-with-guava.jar;C:\Users\Garo\.m2\repository\com\google\j2objc\j2objc-annotations\3.0.0\j2objc-annotations-3.0.0.jar;C:\Users\Garo\.m2\repository\org\apache\commons\commons-lang3\3.18.0\commons-lang3-3.18.0.jar;C:\Users\Garo\.m2\repository\commons-io\commons-io\2.20.0\commons-io-2.20.0.jar;C:\Users\Garo\.m2\repository\org\seleniumhq\selenium\htmlunit3-driver\4.35.0\htmlunit3-driver-4.35.0.jar;C:\Users\Garo\.m2\repository\org\seleniumhq\selenium\selenium-api\4.35.0\selenium-api-4.35.0.jar;C:\Users\Garo\.m2\repository\org\seleniumhq\selenium\selenium-support\4.35.0\selenium-support-4.35.0.jar;C:\Users\Garo\.m2\repository\com\google\auto\service\auto-service-annotations\1.1.1\auto-service-annotations-1.1.1.jar;C:\Users\Garo\.m2\repository\org\seleniumhq\selenium\selenium-json\4.35.0\selenium-json-4.35.0.jar;C:\Users\Garo\.m2\repository\org\htmlunit\htmlunit\4.15.0\htmlunit-4.15.0.jar;C:\Users\Garo\.m2\repository\org\apache\httpcomponents\httpmime\4.5.14\httpmime-4.5.14.jar;C:\Users\Garo\.m2\repository\org\apache\httpcomponents\httpclient\4.5.14\httpclient-4.5.14.jar;C:\Users\Garo\.m2\repository\org\apache\httpcomponents\httpcore\4.4.16\httpcore-4.4.16.jar;C:\Users\Garo\.m2\repository\commons-codec\commons-codec\1.11\commons-codec-1.11.jar;C:\Users\Garo\.m2\repository\org\htmlunit\htmlunit-core-js\4.15.0\htmlunit-core-js-4.15.0.jar;C:\Users\Garo\.m2\repository\org\htmlunit\neko-htmlunit\4.15.0\neko-htmlunit-4.15.0.jar;C:\Users\Garo\.m2\repository\org\htmlunit\htmlunit-cssparser\4.15.0\htmlunit-cssparser-4.15.0.jar;C:\Users\Garo\.m2\repository\org\htmlunit\htmlunit-xpath\4.15.0\htmlunit-xpath-4.15.0.jar;C:\Users\Garo\.m2\repository\org\htmlunit\htmlunit-csp\4.15.0\htmlunit-csp-4.15.0.jar;C:\Users\Garo\.m2\repository\org\htmlunit\htmlunit-websocket-client\4.15.0\htmlunit-websocket-client-4.15.0.jar;C:\Users\Garo\.m2\repository\org\brotli\dec\0.1.2\dec-0.1.2.jar;C:\Users\Garo\.m2\repository\org\springframework\spring-test\6.2.11\spring-test-6.2.11.jar;"/>
    <property name="git.branch" value="master"/>
    <property name="git.build.host" value="Garo-Lenovo"/>
    <property name="java.vm.vendor" value="Eclipse Adoptium"/>
    <property name="sun.arch.data.model" value="64"/>
    <property name="user.variant" value=""/>
    <property name="git.commit.id" value="a755e22c74f8140ad250eed5ffdfb825390aa23f"/>
    <property name="java.vendor.url" value="https://adoptium.net/"/>
    <property name="user.timezone" value="Europe/Stockholm"/>
    <property name="java.vm.specification.version" value="21"/>
    <property name="os.name" value="Windows 11"/>
    <property name="git.commit.author.time" value="2025-09-15T17:12:18+02:00"/>
    <property name="sun.java.launcher" value="SUN_STANDARD"/>
    <property name="user.country" value="US"/>
    <property name="git.build.user.name" value="Garo Malko"/>
    <property name="sun.boot.library.path" value="C:\Program Files\Java\temurin-21.0.8\bin"/>
    <property name="sun.java.command" value="C:\Users\Garo\AppData\Local\Temp\surefire16295617166114159057\surefirebooter-20250916113139522_3.jar C:\Users\Garo\AppData\Local\Temp\surefire16295617166114159057 2025-09-16T11-31-39_228-jvmRun1 surefire-20250916113139522_1tmp surefire_0-20250916113139522_2tmp"/>
    <property name="jdk.debug" value="release"/>
    <property name="surefire.test.class.path" value="C:\Users\Garo\Downloads\personalProjects\AiHackathon\jpetstore-6\target\test-classes;C:\Users\Garo\Downloads\personalProjects\AiHackathon\jpetstore-6\target\classes;C:\Users\Garo\.m2\repository\org\mybatis\mybatis\3.5.19\mybatis-3.5.19.jar;C:\Users\Garo\.m2\repository\org\mybatis\mybatis-spring\3.0.5\mybatis-spring-3.0.5.jar;C:\Users\Garo\.m2\repository\org\springframework\spring-context\6.2.11\spring-context-6.2.11.jar;C:\Users\Garo\.m2\repository\org\springframework\spring-aop\6.2.11\spring-aop-6.2.11.jar;C:\Users\Garo\.m2\repository\org\springframework\spring-beans\6.2.11\spring-beans-6.2.11.jar;C:\Users\Garo\.m2\repository\org\springframework\spring-core\6.2.11\spring-core-6.2.11.jar;C:\Users\Garo\.m2\repository\org\springframework\spring-jcl\6.2.11\spring-jcl-6.2.11.jar;C:\Users\Garo\.m2\repository\org\springframework\spring-expression\6.2.11\spring-expression-6.2.11.jar;C:\Users\Garo\.m2\repository\io\micrometer\micrometer-observation\1.14.11\micrometer-observation-1.14.11.jar;C:\Users\Garo\.m2\repository\io\micrometer\micrometer-commons\1.14.11\micrometer-commons-1.14.11.jar;C:\Users\Garo\.m2\repository\org\springframework\spring-jdbc\6.2.11\spring-jdbc-6.2.11.jar;C:\Users\Garo\.m2\repository\org\springframework\spring-tx\6.2.11\spring-tx-6.2.11.jar;C:\Users\Garo\.m2\repository\org\springframework\spring-web\5.3.39\spring-web-5.3.39.jar;C:\Users\Garo\.m2\repository\net\sourceforge\stripes\stripes\1.6.0\stripes-1.6.0.jar;C:\Users\Garo\.m2\repository\org\apache\taglibs\taglibs-standard-spec\1.2.5\taglibs-standard-spec-1.2.5.jar;C:\Users\Garo\.m2\repository\org\apache\taglibs\taglibs-standard-impl\1.2.5\taglibs-standard-impl-1.2.5.jar;C:\Users\Garo\.m2\repository\jakarta\servlet\jsp\jakarta.servlet.jsp-api\2.3.6\jakarta.servlet.jsp-api-2.3.6.jar;C:\Users\Garo\.m2\repository\jakarta\servlet\jakarta.servlet-api\4.0.4\jakarta.servlet-api-4.0.4.jar;C:\Users\Garo\.m2\repository\org\slf4j\slf4j-api\2.0.17\slf4j-api-2.0.17.jar;C:\Users\Garo\.m2\repository\org\slf4j\slf4j-simple\2.0.17\slf4j-simple-2.0.17.jar;C:\Users\Garo\.m2\repository\org\hsqldb\hsqldb\2.7.4\hsqldb-2.7.4.jar;C:\Users\Garo\.m2\repository\net\bytebuddy\byte-buddy\1.17.7\byte-buddy-1.17.7.jar;C:\Users\Garo\.m2\repository\net\bytebuddy\byte-buddy-agent\1.17.7\byte-buddy-agent-1.17.7.jar;C:\Users\Garo\.m2\repository\org\junit\jupiter\junit-jupiter-engine\5.13.4\junit-jupiter-engine-5.13.4.jar;C:\Users\Garo\.m2\repository\org\junit\platform\junit-platform-engine\1.13.4\junit-platform-engine-1.13.4.jar;C:\Users\Garo\.m2\repository\org\opentest4j\opentest4j\1.3.0\opentest4j-1.3.0.jar;C:\Users\Garo\.m2\repository\org\junit\platform\junit-platform-commons\1.13.4\junit-platform-commons-1.13.4.jar;C:\Users\Garo\.m2\repository\org\junit\jupiter\junit-jupiter-api\5.13.4\junit-jupiter-api-5.13.4.jar;C:\Users\Garo\.m2\repository\org\apiguardian\apiguardian-api\1.1.2\apiguardian-api-1.1.2.jar;C:\Users\Garo\.m2\repository\org\mockito\mockito-core\5.19.0\mockito-core-5.19.0.jar;C:\Users\Garo\.m2\repository\org\objenesis\objenesis\3.3\objenesis-3.3.jar;C:\Users\Garo\.m2\repository\org\mockito\mockito-junit-jupiter\5.19.0\mockito-junit-jupiter-5.19.0.jar;C:\Users\Garo\.m2\repository\org\assertj\assertj-core\3.27.4\assertj-core-3.27.4.jar;C:\Users\Garo\.m2\repository\com\codeborne\selenide\7.10.0\selenide-7.10.0.jar;C:\Users\Garo\.m2\repository\org\seleniumhq\selenium\selenium-java\4.35.0\selenium-java-4.35.0.jar;C:\Users\Garo\.m2\repository\org\seleniumhq\selenium\selenium-chrome-driver\4.35.0\selenium-chrome-driver-4.35.0.jar;C:\Users\Garo\.m2\repository\org\seleniumhq\selenium\selenium-chromium-driver\4.35.0\selenium-chromium-driver-4.35.0.jar;C:\Users\Garo\.m2\repository\org\seleniumhq\selenium\selenium-manager\4.35.0\selenium-manager-4.35.0.jar;C:\Users\Garo\.m2\repository\org\seleniumhq\selenium\selenium-devtools-v137\4.35.0\selenium-devtools-v137-4.35.0.jar;C:\Users\Garo\.m2\repository\org\seleniumhq\selenium\selenium-devtools-v138\4.35.0\selenium-devtools-v138-4.35.0.jar;C:\Users\Garo\.m2\repository\org\seleniumhq\selenium\selenium-devtools-v139\4.35.0\selenium-devtools-v139-4.35.0.jar;C:\Users\Garo\.m2\repository\org\seleniumhq\selenium\selenium-edge-driver\4.35.0\selenium-edge-driver-4.35.0.jar;C:\Users\Garo\.m2\repository\org\seleniumhq\selenium\selenium-firefox-driver\4.35.0\selenium-firefox-driver-4.35.0.jar;C:\Users\Garo\.m2\repository\org\seleniumhq\selenium\selenium-http\4.35.0\selenium-http-4.35.0.jar;C:\Users\Garo\.m2\repository\org\seleniumhq\selenium\selenium-ie-driver\4.35.0\selenium-ie-driver-4.35.0.jar;C:\Users\Garo\.m2\repository\org\seleniumhq\selenium\selenium-remote-driver\4.35.0\selenium-remote-driver-4.35.0.jar;C:\Users\Garo\.m2\repository\io\opentelemetry\opentelemetry-api\1.53.0\opentelemetry-api-1.53.0.jar;C:\Users\Garo\.m2\repository\io\opentelemetry\opentelemetry-context\1.53.0\opentelemetry-context-1.53.0.jar;C:\Users\Garo\.m2\repository\io\opentelemetry\opentelemetry-common\1.53.0\opentelemetry-common-1.53.0.jar;C:\Users\Garo\.m2\repository\io\opentelemetry\opentelemetry-exporter-logging\1.53.0\opentelemetry-exporter-logging-1.53.0.jar;C:\Users\Garo\.m2\repository\io\opentelemetry\opentelemetry-sdk-common\1.53.0\opentelemetry-sdk-common-1.53.0.jar;C:\Users\Garo\.m2\repository\io\opentelemetry\opentelemetry-sdk-extension-autoconfigure-spi\1.53.0\opentelemetry-sdk-extension-autoconfigure-spi-1.53.0.jar;C:\Users\Garo\.m2\repository\io\opentelemetry\opentelemetry-sdk-extension-autoconfigure\1.53.0\opentelemetry-sdk-extension-autoconfigure-1.53.0.jar;C:\Users\Garo\.m2\repository\io\opentelemetry\opentelemetry-sdk-trace\1.53.0\opentelemetry-sdk-trace-1.53.0.jar;C:\Users\Garo\.m2\repository\io\opentelemetry\opentelemetry-sdk\1.53.0\opentelemetry-sdk-1.53.0.jar;C:\Users\Garo\.m2\repository\io\opentelemetry\opentelemetry-sdk-metrics\1.53.0\opentelemetry-sdk-metrics-1.53.0.jar;C:\Users\Garo\.m2\repository\io\opentelemetry\opentelemetry-sdk-logs\1.53.0\opentelemetry-sdk-logs-1.53.0.jar;C:\Users\Garo\.m2\repository\org\seleniumhq\selenium\selenium-os\4.35.0\selenium-os-4.35.0.jar;C:\Users\Garo\.m2\repository\org\apache\commons\commons-exec\1.5.0\commons-exec-1.5.0.jar;C:\Users\Garo\.m2\repository\org\seleniumhq\selenium\selenium-safari-driver\4.35.0\selenium-safari-driver-4.35.0.jar;C:\Users\Garo\.m2\repository\com\codeborne\selenide-core\7.10.0\selenide-core-7.10.0.jar;C:\Users\Garo\.m2\repository\org\apache\httpcomponents\client5\httpclient5\5.5\httpclient5-5.5.jar;C:\Users\Garo\.m2\repository\org\apache\httpcomponents\core5\httpcore5\5.3.4\httpcore5-5.3.4.jar;C:\Users\Garo\.m2\repository\org\apache\httpcomponents\core5\httpcore5-h2\5.3.4\httpcore5-h2-5.3.4.jar;C:\Users\Garo\.m2\repository\com\github\valfirst\browserup-proxy\browserup-proxy-core\3.2.0\browserup-proxy-core-3.2.0.jar;C:\Users\Garo\.m2\repository\org\jspecify\jspecify\1.0.0\jspecify-1.0.0.jar;C:\Users\Garo\.m2\repository\com\google\errorprone\error_prone_annotations\2.41.0\error_prone_annotations-2.41.0.jar;C:\Users\Garo\.m2\repository\com\google\guava\guava\33.4.8-jre\guava-33.4.8-jre.jar;C:\Users\Garo\.m2\repository\com\google\guava\failureaccess\1.0.3\failureaccess-1.0.3.jar;C:\Users\Garo\.m2\repository\com\google\guava\listenablefuture\9999.0-empty-to-avoid-conflict-with-guava\listenablefuture-9999.0-empty-to-avoid-conflict-with-guava.jar;C:\Users\Garo\.m2\repository\com\google\j2objc\j2objc-annotations\3.0.0\j2objc-annotations-3.0.0.jar;C:\Users\Garo\.m2\repository\org\apache\commons\commons-lang3\3.18.0\commons-lang3-3.18.0.jar;C:\Users\Garo\.m2\repository\commons-io\commons-io\2.20.0\commons-io-2.20.0.jar;C:\Users\Garo\.m2\repository\org\seleniumhq\selenium\htmlunit3-driver\4.35.0\htmlunit3-driver-4.35.0.jar;C:\Users\Garo\.m2\repository\org\seleniumhq\selenium\selenium-api\4.35.0\selenium-api-4.35.0.jar;C:\Users\Garo\.m2\repository\org\seleniumhq\selenium\selenium-support\4.35.0\selenium-support-4.35.0.jar;C:\Users\Garo\.m2\repository\com\google\auto\service\auto-service-annotations\1.1.1\auto-service-annotations-1.1.1.jar;C:\Users\Garo\.m2\repository\org\seleniumhq\selenium\selenium-json\4.35.0\selenium-json-4.35.0.jar;C:\Users\Garo\.m2\repository\org\htmlunit\htmlunit\4.15.0\htmlunit-4.15.0.jar;C:\Users\Garo\.m2\repository\org\apache\httpcomponents\httpmime\4.5.14\httpmime-4.5.14.jar;C:\Users\Garo\.m2\repository\org\apache\httpcomponents\httpclient\4.5.14\httpclient-4.5.14.jar;C:\Users\Garo\.m2\repository\org\apache\httpcomponents\httpcore\4.4.16\httpcore-4.4.16.jar;C:\Users\Garo\.m2\repository\commons-codec\commons-codec\1.11\commons-codec-1.11.jar;C:\Users\Garo\.m2\repository\org\htmlunit\htmlunit-core-js\4.15.0\htmlunit-core-js-4.15.0.jar;C:\Users\Garo\.m2\repository\org\htmlunit\neko-htmlunit\4.15.0\neko-htmlunit-4.15.0.jar;C:\Users\Garo\.m2\repository\org\htmlunit\htmlunit-cssparser\4.15.0\htmlunit-cssparser-4.15.0.jar;C:\Users\Garo\.m2\repository\org\htmlunit\htmlunit-xpath\4.15.0\htmlunit-xpath-4.15.0.jar;C:\Users\Garo\.m2\repository\org\htmlunit\htmlunit-csp\4.15.0\htmlunit-csp-4.15.0.jar;C:\Users\Garo\.m2\repository\org\htmlunit\htmlunit-websocket-client\4.15.0\htmlunit-websocket-client-4.15.0.jar;C:\Users\Garo\.m2\repository\org\brotli\dec\0.1.2\dec-0.1.2.jar;C:\Users\Garo\.m2\repository\org\springframework\spring-test\6.2.11\spring-test-6.2.11.jar;"/>
    <property name="sun.cpu.endian" value="little"/>
    <property name="user.home" value="C:\Users\Garo"/>
    <property name="user.language" value="en"/>
    <property name="git.closest.tag.commit.count" value="623"/>
    <property name="java.specification.vendor" value="Oracle Corporation"/>
    <property name="java.version.date" value="2025-07-15"/>
    <property name="java.home" value="C:\Program Files\Java\temurin-21.0.8"/>
    <property name="git.total.commit.count" value="1901"/>
    <property name="file.separator" value="\"/>
    <property name="basedir" value="C:\Users\Garo\Downloads\personalProjects\AiHackathon\jpetstore-6"/>
    <property name="java.vm.compressedOopsMode" value="Zero based"/>
    <property name="line.separator" value="&#10;"/>
    <property name="git.commit.committer.time" value="2025-09-15T17:12:18+02:00"/>
    <property name="git.build.user.email" value="garo.malko222@gmail.com"/>
    <property name="java.vm.specification.vendor" value="Oracle Corporation"/>
    <property name="java.specification.name" value="Java Platform API Specification"/>
    <property name="git.closest.tag.name" value="jpetstore-6.1.0"/>
    <property name="git.tag" value=""/>
    <property name="aether.connector.smartChecksums" value="false"/>
    <property name="git.local.branch.ahead" value="0"/>
    <property name="git.build.time" value="2022-12-12T21:30:34+01:00"/>
    <property name="surefire.real.class.path" value="C:\Users\Garo\AppData\Local\Temp\surefire16295617166114159057\surefirebooter-20250916113139522_3.jar"/>
    <property name="git.commit.message.full" value="Merge pull request #984 from mybatis/renovate/org.apache.maven.plugins-maven-failsafe-plugin-3.x&#10;&#10;Update dependency org.apache.maven.plugins:maven-failsafe-plugin to v3.5.4"/>
    <property name="user.script" value=""/>
    <property name="sun.management.compiler" value="HotSpot 64-Bit Tiered Compilers"/>
    <property name="java.runtime.version" value="21.0.8+9-LTS"/>
    <property name="user.name" value="Garo"/>
    <property name="stdout.encoding" value="Cp1252"/>
    <property name="path.separator" value=";"/>
    <property name="os.version" value="10.0"/>
    <property name="java.runtime.name" value="OpenJDK Runtime Environment"/>
    <property name="file.encoding" value="UTF-8"/>
    <property name="aether.checksums.algorithms" value="SHA-512,SHA-256,SHA-1,MD5"/>
    <property name="git.commit.user.email" value="jeremylandis@hotmail.com"/>
    <property name="java.vm.name" value="OpenJDK 64-Bit Server VM"/>
    <property name="java.vendor.version" value="Temurin-21.0.8+9"/>
    <property name="git.local.branch.behind" value="0"/>
    <property name="git.dirty" value="true"/>
    <property name="localRepository" value="C:\Users\Garo\.m2\repository"/>
    <property name="java.vendor.url.bug" value="https://github.com/adoptium/adoptium-support/issues"/>
    <property name="java.io.tmpdir" value="C:\Users\Garo\AppData\Local\Temp\"/>
    <property name="java.version" value="21.0.8"/>
    <property name="user.dir" value="C:\Users\Garo\Downloads\personalProjects\AiHackathon\jpetstore-6"/>
    <property name="os.arch" value="amd64"/>
    <property name="git.commit.user.name" value="Jeremy Landis"/>
    <property name="git.commit.id.abbrev" value="a755e22"/>
    <property name="java.vm.specification.name" value="Java Virtual Machine Specification"/>
    <property name="git.commit.id.describe-short" value="jpetstore-6.1.0-623-dirty"/>
    <property name="sun.os.patch.level" value=""/>
    <property name="git.commit.id.describe" value="jpetstore-6.1.0-623-ga755e22-dirty"/>
    <property name="native.encoding" value="Cp1252"/>
    <property name="java.library.path" value="C:\Program Files\Java\temurin-21.0.8\bin;C:\WINDOWS\Sun\Java\bin;C:\WINDOWS\system32;C:\WINDOWS;C:\Users\Garo\bin;C:\Program Files\Git\mingw64\bin;C:\Program Files\Git\usr\local\bin;C:\Program Files\Git\usr\bin;C:\Program Files\Git\usr\bin;C:\Program Files\Git\mingw64\bin;C:\Program Files\Git\usr\bin;C:\Users\Garo\bin;C:\Program Files\Eclipse Adoptium\jdk-21.0.8.9-hotspot\bin;C:\Program Files (x86)\Razer\ChromaBroadcast\bin;C:\Program Files\Razer\ChromaBroadcast\bin;C:\Program Files (x86)\VMware\VMware Player\bin;C:\Users\Garo\.jdks\temurin-21.0.8;C:\Windows\system32;C:\Windows;C:\Windows\System32\Wbem;C:\Windows\System32\WindowsPowerShell\v1.0;C:\Windows\System32\OpenSSH;C:\Program Files (x86)\BaseX\bin;C:\Program Files\Microsoft VS Code\bin;C:\Windows\system32\config\systemprofile\AppData\Local\Microsoft\WindowsApps;C:\Program Files\nodejs;C:\WINDOWS\system32;C:\WINDOWS;C:\WINDOWS\System32\Wbem;C:\WINDOWS\System32\WindowsPowerShell\v1.0;C:\WINDOWS\System32\OpenSSH;C:\Users\Garo\.jdks\temurin-21.0.8\bin;C:\Program Files\apache-maven-3.9.9\bin;C:\Program Files\Git\cmd;C:\Program Files\MiKTeX\miktex\bin\x64;C:\Program Files\Git\mingw64\bin;C:\Program Files\wkhtmltopdf\bin;C:\Program Files\Docker\Docker\resources\bin;C:\Users\Garo\AppData\Local\Microsoft\WindowsApps;C:\Program Files\JetBrains\IntelliJ IDEA Community Edition 2024.2.3\bin;C:\Program Files\JetBrains\PyCharm Community Edition 2022.2\bin;C:\Users\Garo\AppData\Local\GitHubDesktop\bin;C:\MinGW\bin;C:\Users\Garo\AppData\Roaming\npm;C:\Program Files\JetBrains\WebStorm 2024.2.4\bin;C:\Users\Garo\AppData\Local\Microsoft\WinGet\Packages\Schniz.fnm_Microsoft.Winget.Source_8wekyb3d8bbwe;C:\Program Files\JetBrains\IntelliJ IDEA 2024.2.4\bin;C:\Program Files\JetBrains\JetBrains Rider 2024.2.7\bin;C:\Program Files\JetBrains\CLion 2024.2.3\bin;C:\Program Files\JetBrains\PyCharm 2024.2.4\bin;C:\Users\Garo\.jdks\temurin-21.0.8;C:\Users\Garo\AppData\Roaming\Code\User\globalStorage\github.copilot-chat\debugCommand;C:\Program Files\Git\usr\bin\vendor_perl;C:\Program Files\Git\usr\bin\core_perl;."/>
    <property name="git.commit.message.short" value="Merge pull request #984 from mybatis/renovate/org.apache.maven.plugins-maven-failsafe-plugin-3.x"/>
    <property name="java.vm.info" value="mixed mode, sharing"/>
    <property name="stderr.encoding" value="Cp1252"/>
    <property name="java.vendor" value="Eclipse Adoptium"/>
    <property name="java.vm.version" value="21.0.8+9-LTS"/>
    <property name="sun.io.unicode.encoding" value="UnicodeLittle"/>
    <property name="java.class.version" value="65.0"/>
    <property name="git.commit.time" value="2025-09-15T17:12:18+02:00"/>
    <property name="git.remote.origin.url" value="https://github.com/mybatis/jpetstore-6.git"/>
  </properties>
  <testcase name="shouldReturnItemList" classname="org.mybatis.jpetstore.service.CatalogServiceTest" time="0.188"/>
  <testcase name="shouldReturnCategoryList" classname="org.mybatis.jpetstore.service.CatalogServiceTest" time="0.004"/>
  <testcase name="shouldCallTheSearchMapperTwice" classname="org.mybatis.jpetstore.service.CatalogServiceTest" time="0.003"/>
  <testcase name="shouldReturnItem" classname="org.mybatis.jpetstore.service.CatalogServiceTest" time="0.003"/>
  <testcase name="shouldReturnProduct" classname="org.mybatis.jpetstore.service.CatalogServiceTest" time="0.003"/>
  <testcase name="shouldReturnProductList" classname="org.mybatis.jpetstore.service.CatalogServiceTest" time="0.003"/>
  <testcase name="shouldReturnFalseWhenNotExistStock" classname="org.mybatis.jpetstore.service.CatalogServiceTest" time="0.004"/>
  <testcase name="shouldReturnCategory" classname="org.mybatis.jpetstore.service.CatalogServiceTest" time="0.003"/>
  <testcase name="shouldReturnTrueWhenExistStock" classname="org.mybatis.jpetstore.service.CatalogServiceTest" time="0.004"/>
</testsuite>